<?xml version="1.0" encoding="UTF-8"?>
<testng-results skipped="0" failed="1" total="1" passed="0">
  <reporter-output>
  </reporter-output>
  <suite name="test suite" duration-ms="24597" started-at="2011-11-10T15:14:36Z" finished-at="2011-11-10T15:15:01Z">
    <groups>
    </groups>
    <test name="Default test" duration-ms="24597" started-at="2011-11-10T15:14:36Z" finished-at="2011-11-10T15:15:01Z">
      <class name="Demo2">
        <test-method status="FAIL" signature="testSearch()[pri:0, instance:Demo2@1bd0dd4]" name="testSearch" duration-ms="22796" started-at="2011-11-10T15:14:36Z" finished-at="2011-11-10T15:14:59Z">
          <exception class="java.lang.AssertionError">
            <message>
              <![CDATA[expected:<ipod> but was:<>]]>
            </message>
            <full-stacktrace>
              <![CDATA[java.lang.AssertionError: expected:<ipod> but was:<>
	at org.testng.Assert.fail(Assert.java:89)
	at org.testng.Assert.failNotEquals(Assert.java:489)
	at org.testng.Assert.assertEquals(Assert.java:118)
	at org.testng.Assert.assertEquals(Assert.java:171)
	at org.testng.Assert.assertEquals(Assert.java:181)
	at pageObject.SearchResultPage.<init>(SearchResultPage.java:27)
	at pageObject.HomePage.search(HomePage.java:23)
	at Demo2.testSearch(Demo2.java:21)
	at sun.reflect.NativeMethodAccessorImpl.invoke0(Native Method)
	at sun.reflect.NativeMethodAccessorImpl.invoke(NativeMethodAccessorImpl.java:57)
	at sun.reflect.DelegatingMethodAccessorImpl.invoke(DelegatingMethodAccessorImpl.java:43)
	at java.lang.reflect.Method.invoke(Method.java:616)
	at org.testng.internal.MethodInvocationHelper.invokeMethod(MethodInvocationHelper.java:80)
	at org.testng.internal.Invoker.invokeMethod(Invoker.java:691)
	at org.testng.internal.Invoker.invokeTestMethod(Invoker.java:883)
	at org.testng.internal.Invoker.invokeTestMethods(Invoker.java:1208)
	at org.testng.internal.TestMethodWorker.invokeTestMethods(TestMethodWorker.java:127)
	at org.testng.internal.TestMethodWorker.run(TestMethodWorker.java:111)
	at java.util.concurrent.ThreadPoolExecutor.runWorker(ThreadPoolExecutor.java:1110)
	at java.util.concurrent.ThreadPoolExecutor$Worker.run(ThreadPoolExecutor.java:603)
	at java.lang.Thread.run(Thread.java:679)
]]>
            </full-stacktrace>
          </exception>
        </test-method>
      </class>
    </test>
  </suite>
</testng-results>
