<?xml version="1.0" encoding="UTF-8"?>
<testng-results skipped="0" failed="0" total="2" passed="2">
  <reporter-output>
  </reporter-output>
  <suite name="test suite" duration-ms="33866" started-at="2011-11-10T13:24:48Z" finished-at="2011-11-10T13:25:22Z">
    <groups>
    </groups>
    <test name="Default test" duration-ms="33866" started-at="2011-11-10T13:24:48Z" finished-at="2011-11-10T13:25:22Z">
      <class name="Demo">
        <test-method status="PASS" signature="testParallel()[pri:0, instance:Demo@137c60d]" name="testParallel" duration-ms="28384" started-at="2011-11-10T13:24:48Z" finished-at="2011-11-10T13:25:16Z">
        </test-method>
        <test-method status="PASS" signature="testParallel()[pri:0, instance:Demo@137c60d]" name="testParallel" duration-ms="32667" started-at="2011-11-10T13:24:48Z" finished-at="2011-11-10T13:25:21Z">
        </test-method>
      </class>
    </test>
  </suite>
</testng-results>
